  Reading Qt configuration (C:\Qt\Qt5.14.2\5.14.2\msvc2017_64\bin\qmake.exe)
  uic AddWondow.ui
  uic Diplom_Work.ui
  uic Shablon.ui
  moc Diplom_Work.h
  moc Shablon.h
  moc AddWindow.h
  AddWindow.cpp
  Diplom_Work.cpp
  main.cpp
  MySQLAppliy.cpp
c:\users\aeganov\source\repos\alexandereganov\diplomwork_lagunova\mysqlappliy.h(11): warning C4067: unexpected tokens following preprocessor directive - expected a newline (compiling source file MySQLAppliy.cpp)
c:\users\aeganov\source\repos\alexandereganov\diplomwork_lagunova\mysqlappliy.cpp(3): warning C4067: unexpected tokens following preprocessor directive - expected a newline
c:\users\aeganov\source\repos\alexandereganov\diplomwork_lagunova\x64\release\uic\ui_shablon.h(25): error C2011: 'Ui_Dialog': 'class' type redefinition (compiling source file main.cpp)
  c:\users\aeganov\source\repos\alexandereganov\diplomwork_lagunova\x64\release\uic\ui_addwondow.h(24): note: see declaration of 'Ui_Dialog' (compiling source file main.cpp)
c:\users\aeganov\source\repos\alexandereganov\diplomwork_lagunova\x64\release\uic\ui_shablon.h(104): error C2011: 'Ui::Dialog': 'class' type redefinition (compiling source file main.cpp)
  c:\users\aeganov\source\repos\alexandereganov\diplomwork_lagunova\x64\release\uic\ui_addwondow.h(102): note: see declaration of 'Ui::Dialog' (compiling source file main.cpp)
c:\users\aeganov\source\repos\alexandereganov\diplomwork_lagunova\shablon.h(34): error C2039: 'DialogS': is not a member of 'Ui' (compiling source file main.cpp)
  c:\users\aeganov\source\repos\alexandereganov\diplomwork_lagunova\x64\release\uic\ui_shablon.h(103): note: see declaration of 'Ui' (compiling source file main.cpp)
c:\users\aeganov\source\repos\alexandereganov\diplomwork_lagunova\shablon.h(34): error C2143: syntax error: missing ';' before '*' (compiling source file main.cpp)
c:\users\aeganov\source\repos\alexandereganov\diplomwork_lagunova\shablon.h(34): error C4430: missing type specifier - int assumed. Note: C++ does not support default-int (compiling source file main.cpp)
c:\users\aeganov\source\repos\alexandereganov\diplomwork_lagunova\shablon.h(34): error C2238: unexpected token(s) preceding ';' (compiling source file main.cpp)
c:\users\aeganov\source\repos\alexandereganov\diplomwork_lagunova\mysqlappliy.cpp(4): fatal error C1083: Cannot open include file: 'mysql.h': No such file or directory
  SaportFoo.cpp
c:\users\aeganov\source\repos\alexandereganov\diplomwork_lagunova\mysqlappliy.h(11): warning C4067: unexpected tokens following preprocessor directive - expected a newline (compiling source file main.cpp)
c:\users\aeganov\source\repos\alexandereganov\diplomwork_lagunova\x64\release\uic\ui_shablon.h(25): error C2011: 'Ui_Dialog': 'class' type redefinition (compiling source file Diplom_Work.cpp)
  c:\users\aeganov\source\repos\alexandereganov\diplomwork_lagunova\x64\release\uic\ui_addwondow.h(24): note: see declaration of 'Ui_Dialog' (compiling source file Diplom_Work.cpp)
c:\users\aeganov\source\repos\alexandereganov\diplomwork_lagunova\x64\release\uic\ui_shablon.h(104): error C2011: 'Ui::Dialog': 'class' type redefinition (compiling source file Diplom_Work.cpp)
  c:\users\aeganov\source\repos\alexandereganov\diplomwork_lagunova\x64\release\uic\ui_addwondow.h(102): note: see declaration of 'Ui::Dialog' (compiling source file Diplom_Work.cpp)
c:\users\aeganov\source\repos\alexandereganov\diplomwork_lagunova\shablon.h(34): error C2039: 'DialogS': is not a member of 'Ui' (compiling source file Diplom_Work.cpp)
  c:\users\aeganov\source\repos\alexandereganov\diplomwork_lagunova\x64\release\uic\ui_shablon.h(103): note: see declaration of 'Ui' (compiling source file Diplom_Work.cpp)
c:\users\aeganov\source\repos\alexandereganov\diplomwork_lagunova\shablon.h(34): error C2143: syntax error: missing ';' before '*' (compiling source file Diplom_Work.cpp)
c:\users\aeganov\source\repos\alexandereganov\diplomwork_lagunova\shablon.h(34): error C4430: missing type specifier - int assumed. Note: C++ does not support default-int (compiling source file Diplom_Work.cpp)
c:\users\aeganov\source\repos\alexandereganov\diplomwork_lagunova\shablon.h(34): error C2238: unexpected token(s) preceding ';' (compiling source file Diplom_Work.cpp)
  Shablon.cpp
c:\users\aeganov\source\repos\alexandereganov\diplomwork_lagunova\mysqlappliy.h(11): warning C4067: unexpected tokens following preprocessor directive - expected a newline (compiling source file Diplom_Work.cpp)
c:\users\aeganov\source\repos\alexandereganov\diplomwork_lagunova\shablon.cpp(1): warning C4067: unexpected tokens following preprocessor directive - expected a newline
c:\users\aeganov\source\repos\alexandereganov\diplomwork_lagunova\saportfoo.cpp(120): warning C4715: 'ListStrInFiles': not all control paths return a value
c:\users\aeganov\source\repos\alexandereganov\diplomwork_lagunova\shablon.h(34): error C2039: 'DialogS': is not a member of 'Ui' (compiling source file Shablon.cpp)
  c:\users\aeganov\source\repos\alexandereganov\diplomwork_lagunova\x64\release\uic\ui_shablon.h(103): note: see declaration of 'Ui' (compiling source file Shablon.cpp)
c:\users\aeganov\source\repos\alexandereganov\diplomwork_lagunova\shablon.h(34): error C2143: syntax error: missing ';' before '*' (compiling source file Shablon.cpp)
c:\users\aeganov\source\repos\alexandereganov\diplomwork_lagunova\shablon.h(34): error C4430: missing type specifier - int assumed. Note: C++ does not support default-int (compiling source file Shablon.cpp)
c:\users\aeganov\source\repos\alexandereganov\diplomwork_lagunova\shablon.h(34): error C2238: unexpected token(s) preceding ';' (compiling source file Shablon.cpp)
c:\users\aeganov\source\repos\alexandereganov\diplomwork_lagunova\shablon.cpp(3): error C2039: 'DialogS': is not a member of 'Ui'
  c:\users\aeganov\source\repos\alexandereganov\diplomwork_lagunova\x64\release\uic\ui_shablon.h(103): note: see declaration of 'Ui'
c:\users\aeganov\source\repos\alexandereganov\diplomwork_lagunova\shablon.cpp(3): error C2061: syntax error: identifier 'DialogS'
c:\users\aeganov\source\repos\alexandereganov\diplomwork_lagunova\shablon.cpp(3): error C2614: 'DialogShablon': illegal member initialization: 'ui' is not a base or member
c:\users\aeganov\source\repos\alexandereganov\diplomwork_lagunova\shablon.cpp(5): error C2065: 'ui': undeclared identifier
c:\users\aeganov\source\repos\alexandereganov\diplomwork_lagunova\shablon.cpp(7): error C2065: 'ui': undeclared identifier
c:\users\aeganov\source\repos\alexandereganov\diplomwork_lagunova\shablon.cpp(18): error C2065: 'ui': undeclared identifier
c:\users\aeganov\source\repos\alexandereganov\diplomwork_lagunova\shablon.cpp(27): error C2065: 'ui': undeclared identifier
c:\users\aeganov\source\repos\alexandereganov\diplomwork_lagunova\shablon.cpp(34): error C2065: 'ui': undeclared identifier
c:\users\aeganov\source\repos\alexandereganov\diplomwork_lagunova\shablon.cpp(36): error C2065: 'ui': undeclared identifier
c:\users\aeganov\source\repos\alexandereganov\diplomwork_lagunova\shablon.cpp(37): error C2065: 'ui': undeclared identifier
c:\users\aeganov\source\repos\alexandereganov\diplomwork_lagunova\shablon.cpp(62): error C2065: 'ui': undeclared identifier
c:\users\aeganov\source\repos\alexandereganov\diplomwork_lagunova\shablon.cpp(83): error C2065: 'ui': undeclared identifier
c:\users\aeganov\source\repos\alexandereganov\diplomwork_lagunova\shablon.cpp(93): error C2065: 'ui': undeclared identifier
