c:\users\aeganov\source\repos\alexandereganov\diplomwork_lagunova\x64\release\mysqlappliy.obj
c:\users\aeganov\source\repos\alexandereganov\diplomwork_lagunova\x64\release\uic\ui_addwondow.h
c:\users\aeganov\source\repos\alexandereganov\diplomwork_lagunova\x64\release\uic\ui_diplom_work.h
c:\users\aeganov\source\repos\alexandereganov\diplomwork_lagunova\x64\release\rcc\qrc_diplom_work.cpp
c:\users\aeganov\source\repos\alexandereganov\diplomwork_lagunova\x64\release\moc\moc_diplom_work.cpp
c:\users\aeganov\source\repos\alexandereganov\diplomwork_lagunova\x64\release\moc\moc_addwindow.cpp
c:\users\aeganov\source\repos\alexandereganov\diplomwork_lagunova\x64\release\\moc\moc_diplom_work.cpp
c:\users\aeganov\source\repos\alexandereganov\diplomwork_lagunova\x64\release\\moc\moc_addwindow.cpp
c:\users\aeganov\source\repos\alexandereganov\diplomwork_lagunova\x64\release\\rcc\qrc_diplom_work.cpp
c:\users\aeganov\source\repos\alexandereganov\diplomwork_lagunova\x64\release\\uic\ui_addwondow.h
c:\users\aeganov\source\repos\alexandereganov\diplomwork_lagunova\x64\release\\uic\ui_diplom_work.h
c:\users\aeganov\source\repos\alexandereganov\diplomwork_lagunova\x64\release\diplom_work.tlog\cl.10376.write.1.tlog
c:\users\aeganov\source\repos\alexandereganov\diplomwork_lagunova\x64\release\diplom_work.tlog\cl.command.1.tlog
c:\users\aeganov\source\repos\alexandereganov\diplomwork_lagunova\x64\release\diplom_work.tlog\cl.read.1.tlog
c:\users\aeganov\source\repos\alexandereganov\diplomwork_lagunova\x64\release\diplom_work.tlog\diplom_work.write.1u.tlog
c:\users\aeganov\source\repos\alexandereganov\diplomwork_lagunova\x64\release\diplom_work.tlog\moc.read.1u.tlog
c:\users\aeganov\source\repos\alexandereganov\diplomwork_lagunova\x64\release\diplom_work.tlog\moc.write.1u.tlog
c:\users\aeganov\source\repos\alexandereganov\diplomwork_lagunova\x64\release\diplom_work.tlog\rcc.read.1u.tlog
c:\users\aeganov\source\repos\alexandereganov\diplomwork_lagunova\x64\release\diplom_work.tlog\rcc.write.1u.tlog
c:\users\aeganov\source\repos\alexandereganov\diplomwork_lagunova\x64\release\diplom_work.tlog\uic.read.1u.tlog
c:\users\aeganov\source\repos\alexandereganov\diplomwork_lagunova\x64\release\diplom_work.tlog\uic.write.1u.tlog
