c:\users\aeganov\source\repos\alexandereganov\diplomwork_lagunova\x64\debug\mysqlappliy.obj
c:\users\aeganov\source\repos\alexandereganov\diplomwork_lagunova\x64\debug\addwindow.obj
c:\users\aeganov\source\repos\alexandereganov\diplomwork_lagunova\x64\debug\saportfoo.obj
c:\users\aeganov\source\repos\alexandereganov\diplomwork_lagunova\x64\debug\qrc_diplom_work.obj
c:\users\aeganov\source\repos\alexandereganov\diplomwork_lagunova\x64\debug\moc_diplom_work.obj
c:\users\aeganov\source\repos\alexandereganov\diplomwork_lagunova\x64\debug\moc_addwindow.obj
c:\users\aeganov\source\repos\alexandereganov\diplomwork_lagunova\x64\debug\vc141.pdb
c:\users\aeganov\source\repos\alexandereganov\diplomwork_lagunova\x64\debug\diplom_work.obj
c:\users\aeganov\source\repos\alexandereganov\diplomwork_lagunova\x64\debug\main.obj
c:\users\aeganov\source\repos\alexandereganov\diplomwork_lagunova\x64\debug\moc_shablon.obj
c:\users\aeganov\source\repos\alexandereganov\diplomwork_lagunova\x64\debug\uic\ui_addwondow.h
c:\users\aeganov\source\repos\alexandereganov\diplomwork_lagunova\x64\debug\uic\ui_diplom_work.h
c:\users\aeganov\source\repos\alexandereganov\diplomwork_lagunova\x64\debug\uic\ui_shablon.h
c:\users\aeganov\source\repos\alexandereganov\diplomwork_lagunova\x64\debug\rcc\qrc_diplom_work.cpp
c:\users\aeganov\source\repos\alexandereganov\diplomwork_lagunova\x64\debug\moc\moc_diplom_work.cpp
c:\users\aeganov\source\repos\alexandereganov\diplomwork_lagunova\x64\debug\moc\moc_shablon.cpp
c:\users\aeganov\source\repos\alexandereganov\diplomwork_lagunova\x64\debug\moc\moc_addwindow.cpp
c:\users\aeganov\source\repos\alexandereganov\diplomwork_lagunova\x64\debug\diplom_work.exe
c:\users\aeganov\source\repos\alexandereganov\diplomwork_lagunova\x64\debug\diplom_work.ilk
c:\users\aeganov\source\repos\alexandereganov\diplomwork_lagunova\x64\debug\diplom_work.pdb
c:\users\aeganov\source\repos\alexandereganov\diplomwork_lagunova\x64\debug\\moc\moc_diplom_work.cpp
c:\users\aeganov\source\repos\alexandereganov\diplomwork_lagunova\x64\debug\\moc\moc_shablon.cpp
c:\users\aeganov\source\repos\alexandereganov\diplomwork_lagunova\x64\debug\\moc\moc_addwindow.cpp
c:\users\aeganov\source\repos\alexandereganov\diplomwork_lagunova\x64\debug\\rcc\qrc_diplom_work.cpp
c:\users\aeganov\source\repos\alexandereganov\diplomwork_lagunova\x64\debug\\uic\ui_addwondow.h
c:\users\aeganov\source\repos\alexandereganov\diplomwork_lagunova\x64\debug\\uic\ui_diplom_work.h
c:\users\aeganov\source\repos\alexandereganov\diplomwork_lagunova\x64\debug\\uic\ui_shablon.h
c:\users\aeganov\source\repos\alexandereganov\diplomwork_lagunova\x64\debug\shablon.obj
c:\users\aeganov\source\repos\alexandereganov\diplomwork_lagunova\x64\debug\diplom_work.tlog\cl.command.1.tlog
c:\users\aeganov\source\repos\alexandereganov\diplomwork_lagunova\x64\debug\diplom_work.tlog\cl.read.1.tlog
c:\users\aeganov\source\repos\alexandereganov\diplomwork_lagunova\x64\debug\diplom_work.tlog\cl.write.1.tlog
c:\users\aeganov\source\repos\alexandereganov\diplomwork_lagunova\x64\debug\diplom_work.tlog\diplom_work.write.1u.tlog
c:\users\aeganov\source\repos\alexandereganov\diplomwork_lagunova\x64\debug\diplom_work.tlog\link.command.1.tlog
c:\users\aeganov\source\repos\alexandereganov\diplomwork_lagunova\x64\debug\diplom_work.tlog\link.read.1.tlog
c:\users\aeganov\source\repos\alexandereganov\diplomwork_lagunova\x64\debug\diplom_work.tlog\link.write.1.tlog
c:\users\aeganov\source\repos\alexandereganov\diplomwork_lagunova\x64\debug\diplom_work.tlog\moc.read.1u.tlog
c:\users\aeganov\source\repos\alexandereganov\diplomwork_lagunova\x64\debug\diplom_work.tlog\moc.write.1u.tlog
c:\users\aeganov\source\repos\alexandereganov\diplomwork_lagunova\x64\debug\diplom_work.tlog\rcc.read.1u.tlog
c:\users\aeganov\source\repos\alexandereganov\diplomwork_lagunova\x64\debug\diplom_work.tlog\rcc.write.1u.tlog
c:\users\aeganov\source\repos\alexandereganov\diplomwork_lagunova\x64\debug\diplom_work.tlog\uic.read.1u.tlog
c:\users\aeganov\source\repos\alexandereganov\diplomwork_lagunova\x64\debug\diplom_work.tlog\uic.write.1u.tlog
